2019-12-19 19:15:52.280  INFO 13876 --- [restartedMain] c.example.netbooks.NetbooksApplication   : Starting NetbooksApplication on DESKTOP-5PKPG8U with PID 13876 (D:\NetCrecker\BackV2\NetBookBack\target\classes started by Андрей in D:\NetCrecker\BackV2\NetBookBack)
2019-12-19 19:15:52.295  INFO 13876 --- [restartedMain] c.example.netbooks.NetbooksApplication   : No active profile set, falling back to default profiles: default
2019-12-19 19:15:52.480  INFO 13876 --- [restartedMain] o.s.b.devtools.restart.ChangeableUrls    : The Class-Path manifest attribute in C:\Users\Андрей\.m2\repository\com\sun\xml\bind\jaxb-impl\2.1.3\jaxb-impl-2.1.3.jar referenced one or more files that do not exist: file:/C:/Users/Андрей/.m2/repository/com/sun/xml/bind/jaxb-impl/2.1.3/jaxb-api.jar,file:/C:/Users/Андрей/.m2/repository/com/sun/xml/bind/jaxb-impl/2.1.3/activation.jar,file:/C:/Users/Андрей/.m2/repository/com/sun/xml/bind/jaxb-impl/2.1.3/jsr173_1.0_api.jar,file:/C:/Users/Андрей/.m2/repository/com/sun/xml/bind/jaxb-impl/2.1.3/jaxb1-impl.jar
2019-12-19 19:15:52.524  INFO 13876 --- [restartedMain] .e.DevToolsPropertyDefaultsPostProcessor : Devtools property defaults active! Set 'spring.devtools.add-properties' to 'false' to disable
2019-12-19 19:15:52.526  INFO 13876 --- [restartedMain] .e.DevToolsPropertyDefaultsPostProcessor : For additional web related logging consider setting the 'logging.level.web' property to 'DEBUG'
2019-12-19 19:16:00.309  INFO 13876 --- [restartedMain] .s.d.r.c.RepositoryConfigurationDelegate : Bootstrapping Spring Data repositories in DEFAULT mode.
2019-12-19 19:16:01.305  INFO 13876 --- [restartedMain] .s.d.r.c.RepositoryConfigurationDelegate : Finished Spring Data repository scanning in 296ms. Found 0 repository interfaces.
2019-12-19 19:16:04.759  INFO 13876 --- [restartedMain] trationDelegate$BeanPostProcessorChecker : Bean 'org.springframework.security.config.annotation.configuration.ObjectPostProcessorConfiguration' of type [org.springframework.security.config.annotation.configuration.ObjectPostProcessorConfiguration] is not eligible for getting processed by all BeanPostProcessors (for example: not eligible for auto-proxying)
2019-12-19 19:16:04.769  INFO 13876 --- [restartedMain] trationDelegate$BeanPostProcessorChecker : Bean 'org.springframework.transaction.annotation.ProxyTransactionManagementConfiguration' of type [org.springframework.transaction.annotation.ProxyTransactionManagementConfiguration] is not eligible for getting processed by all BeanPostProcessors (for example: not eligible for auto-proxying)
2019-12-19 19:16:04.822  INFO 13876 --- [restartedMain] trationDelegate$BeanPostProcessorChecker : Bean 'objectPostProcessor' of type [org.springframework.security.config.annotation.configuration.AutowireBeanFactoryObjectPostProcessor] is not eligible for getting processed by all BeanPostProcessors (for example: not eligible for auto-proxying)
2019-12-19 19:16:04.825  INFO 13876 --- [restartedMain] trationDelegate$BeanPostProcessorChecker : Bean 'org.springframework.security.access.expression.method.DefaultMethodSecurityExpressionHandler@931156f' of type [org.springframework.security.access.expression.method.DefaultMethodSecurityExpressionHandler] is not eligible for getting processed by all BeanPostProcessors (for example: not eligible for auto-proxying)
2019-12-19 19:16:04.828  INFO 13876 --- [restartedMain] trationDelegate$BeanPostProcessorChecker : Bean 'org.springframework.security.config.annotation.method.configuration.GlobalMethodSecurityConfiguration' of type [org.springframework.security.config.annotation.method.configuration.GlobalMethodSecurityConfiguration] is not eligible for getting processed by all BeanPostProcessors (for example: not eligible for auto-proxying)
2019-12-19 19:16:04.847  INFO 13876 --- [restartedMain] trationDelegate$BeanPostProcessorChecker : Bean 'methodSecurityMetadataSource' of type [org.springframework.security.access.method.DelegatingMethodSecurityMetadataSource] is not eligible for getting processed by all BeanPostProcessors (for example: not eligible for auto-proxying)
2019-12-19 19:16:06.578  INFO 13876 --- [restartedMain] o.s.b.w.embedded.tomcat.TomcatWebServer  : Tomcat initialized with port(s): 8080 (http)
2019-12-19 19:16:06.597  INFO 13876 --- [restartedMain] o.apache.catalina.core.StandardService   : Starting service [Tomcat]
2019-12-19 19:16:06.597  INFO 13876 --- [restartedMain] org.apache.catalina.core.StandardEngine  : Starting Servlet engine: [Apache Tomcat/9.0.27]
2019-12-19 19:16:06.877  INFO 13876 --- [restartedMain] o.a.c.c.C.[Tomcat].[localhost].[/]       : Initializing Spring embedded WebApplicationContext
2019-12-19 19:16:06.878  INFO 13876 --- [restartedMain] o.s.web.context.ContextLoader            : Root WebApplicationContext: initialization completed in 14352 ms
2019-12-19 19:16:07.036  INFO 13876 --- [restartedMain] c.e.n.d.implementations.UserRepository   : Class initialized
2019-12-19 19:16:07.695  INFO 13876 --- [restartedMain] c.e.n.d.i.JdbcBookRepository             : Class initialized
2019-12-19 19:16:08.171  INFO 13876 --- [restartedMain] c.e.n.c.AuthenticationController         : Class initialized
2019-12-19 19:16:08.178  INFO 13876 --- [restartedMain] c.e.n.d.i.ChatRepositoryImpl             : Class initialized
2019-12-19 19:16:08.187  INFO 13876 --- [restartedMain] c.e.netbooks.controllers.ChatController  : Class initialized
2019-12-19 19:16:08.189  INFO 13876 --- [restartedMain] c.e.n.controllers.FilesController        : Class initialized
2019-12-19 19:16:08.193  INFO 13876 --- [restartedMain] c.e.n.controllers.ProfileController      : Class initialized
2019-12-19 19:16:08.388  INFO 13876 --- [restartedMain] o.s.s.concurrent.ThreadPoolTaskExecutor  : Initializing ExecutorService 'clientInboundChannelExecutor'
2019-12-19 19:16:08.398  INFO 13876 --- [restartedMain] o.s.s.concurrent.ThreadPoolTaskExecutor  : Initializing ExecutorService 'clientOutboundChannelExecutor'
2019-12-19 19:16:08.461  INFO 13876 --- [restartedMain] o.s.s.c.ThreadPoolTaskScheduler          : Initializing ExecutorService 'messageBrokerTaskScheduler'
2019-12-19 19:16:08.510  INFO 13876 --- [restartedMain] o.s.s.concurrent.ThreadPoolTaskExecutor  : Initializing ExecutorService 'brokerChannelExecutor'
2019-12-19 19:16:09.084  INFO 13876 --- [restartedMain] o.s.s.web.DefaultSecurityFilterChain     : Creating filter chain: any request, [org.springframework.security.web.context.request.async.WebAsyncManagerIntegrationFilter@5eb72f92, org.springframework.security.web.context.SecurityContextPersistenceFilter@32c0e399, org.springframework.security.web.header.HeaderWriterFilter@2c1219b0, org.springframework.security.web.authentication.logout.LogoutFilter@551d7ee8, com.example.netbooks.security.JwtFilter@934ba87, org.springframework.security.web.savedrequest.RequestCacheAwareFilter@cc0d375, org.springframework.security.web.servletapi.SecurityContextHolderAwareRequestFilter@70e6cac, org.springframework.security.web.authentication.AnonymousAuthenticationFilter@7c91c830, org.springframework.security.web.session.SessionManagementFilter@1a264a59, org.springframework.security.web.access.ExceptionTranslationFilter@477b50fb, org.springframework.security.web.access.intercept.FilterSecurityInterceptor@670defc5]
2019-12-19 19:16:09.722  WARN 13876 --- [restartedMain] ion$DefaultTemplateResolverConfiguration : Cannot find template location: classpath:/templates/ (please add some templates or check your Thymeleaf configuration)
2019-12-19 19:16:10.016  INFO 13876 --- [restartedMain] o.s.b.d.a.OptionalLiveReloadServer       : LiveReload server is running on port 35729
2019-12-19 19:16:10.036  INFO 13876 --- [restartedMain] o.s.m.s.b.SimpleBrokerMessageHandler     : Starting...
2019-12-19 19:16:10.036  INFO 13876 --- [restartedMain] o.s.m.s.b.SimpleBrokerMessageHandler     : BrokerAvailabilityEvent[available=true, SimpleBrokerMessageHandler [DefaultSubscriptionRegistry[cache[0 destination(s)], registry[0 sessions]]]]
2019-12-19 19:16:10.037  INFO 13876 --- [restartedMain] o.s.m.s.b.SimpleBrokerMessageHandler     : Started.
2019-12-19 19:16:10.146  INFO 13876 --- [restartedMain] o.s.b.w.embedded.tomcat.TomcatWebServer  : Tomcat started on port(s): 8080 (http) with context path ''
2019-12-19 19:16:10.185  INFO 13876 --- [restartedMain] c.example.netbooks.NetbooksApplication   : Started NetbooksApplication in 21.211 seconds (JVM running for 28.096)
2019-12-19 19:17:08.510  INFO 13876 --- [MessageBroker-1] o.s.w.s.c.WebSocketMessageBrokerStats    : WebSocketSession[0 current WS(0)-HttpStream(0)-HttpPoll(0), 0 total, 0 closed abnormally (0 connect failure, 0 send limit, 0 transport error)], stompSubProtocol[processed CONNECT(0)-CONNECTED(0)-DISCONNECT(0)], stompBrokerRelay[null], inboundChannel[pool size = 0, active threads = 0, queued tasks = 0, completed tasks = 0], outboundChannel[pool size = 0, active threads = 0, queued tasks = 0, completed tasks = 0], sockJsScheduler[pool size = 1, active threads = 1, queued tasks = 0, completed tasks = 0]
2019-12-19 19:17:59.109  INFO 13876 --- [http-nio-8080-exec-3] o.a.c.c.C.[Tomcat].[localhost].[/]       : Initializing Spring DispatcherServlet 'dispatcherServlet'
2019-12-19 19:17:59.109  INFO 13876 --- [http-nio-8080-exec-3] o.s.web.servlet.DispatcherServlet        : Initializing Servlet 'dispatcherServlet'
2019-12-19 19:17:59.120  INFO 13876 --- [http-nio-8080-exec-3] o.s.web.servlet.DispatcherServlet        : Completed initialization in 10 ms
2019-12-19 19:18:00.154  WARN 13876 --- [http-nio-8080-exec-4] c.example.netbooks.security.JwtProvider  : Validation token error 
2019-12-19 19:18:00.154  WARN 13876 --- [http-nio-8080-exec-6] c.example.netbooks.security.JwtProvider  : Validation token error 
2019-12-19 19:18:00.154  WARN 13876 --- [http-nio-8080-exec-5] c.example.netbooks.security.JwtProvider  : Validation token error 
2019-12-19 19:18:25.366  INFO 13876 --- [http-nio-8080-exec-1] c.e.n.c.AuthenticationController         : POST /signin [emidot32]
2019-12-19 19:18:25.568  INFO 13876 --- [http-nio-8080-exec-1] com.zaxxer.hikari.HikariDataSource       : HikariPool-1 - Starting...
2019-12-19 19:18:28.009  INFO 13876 --- [http-nio-8080-exec-1] com.zaxxer.hikari.HikariDataSource       : HikariPool-1 - Start completed.
2019-12-19 19:18:39.532  INFO 13876 --- [http-nio-8080-exec-3] c.e.n.c.NotificationController           : Get count of unread notifications for user with id 1
2019-12-19 19:18:39.534  INFO 13876 --- [http-nio-8080-exec-3] c.e.n.services.NotificationService       : get count of unread notifications for user with id 1
2019-12-19 19:18:49.443  INFO 13876 --- [http-nio-8080-exec-8] c.e.n.c.NotificationController           : Get count of unread notifications for user with id 1
2019-12-19 19:18:49.444  INFO 13876 --- [http-nio-8080-exec-8] c.e.n.services.NotificationService       : get count of unread notifications for user with id 1
2019-12-19 19:18:59.426  INFO 13876 --- [http-nio-8080-exec-6] c.e.n.c.NotificationController           : Get count of unread notifications for user with id 1
2019-12-19 19:18:59.426  INFO 13876 --- [http-nio-8080-exec-6] c.e.n.services.NotificationService       : get count of unread notifications for user with id 1
2019-12-19 19:19:09.420  INFO 13876 --- [http-nio-8080-exec-10] c.e.n.c.NotificationController           : Get count of unread notifications for user with id 1
2019-12-19 19:19:09.421  INFO 13876 --- [http-nio-8080-exec-10] c.e.n.services.NotificationService       : get count of unread notifications for user with id 1
2019-12-19 19:19:19.389  INFO 13876 --- [http-nio-8080-exec-3] c.e.n.c.NotificationController           : Get count of unread notifications for user with id 1
2019-12-19 19:19:19.390  INFO 13876 --- [http-nio-8080-exec-3] c.e.n.services.NotificationService       : get count of unread notifications for user with id 1
2019-12-19 19:19:29.413  INFO 13876 --- [http-nio-8080-exec-2] c.e.n.c.NotificationController           : Get count of unread notifications for user with id 1
2019-12-19 19:19:29.414  INFO 13876 --- [http-nio-8080-exec-2] c.e.n.services.NotificationService       : get count of unread notifications for user with id 1
2019-12-19 19:19:39.421  INFO 13876 --- [http-nio-8080-exec-9] c.e.n.c.NotificationController           : Get count of unread notifications for user with id 1
2019-12-19 19:19:39.422  INFO 13876 --- [http-nio-8080-exec-9] c.e.n.services.NotificationService       : get count of unread notifications for user with id 1
2019-12-19 19:19:49.401  INFO 13876 --- [http-nio-8080-exec-6] c.e.n.c.NotificationController           : Get count of unread notifications for user with id 1
2019-12-19 19:19:49.401  INFO 13876 --- [http-nio-8080-exec-6] c.e.n.services.NotificationService       : get count of unread notifications for user with id 1
2019-12-19 19:19:59.414  INFO 13876 --- [http-nio-8080-exec-10] c.e.n.c.NotificationController           : Get count of unread notifications for user with id 1
2019-12-19 19:19:59.415  INFO 13876 --- [http-nio-8080-exec-10] c.e.n.services.NotificationService       : get count of unread notifications for user with id 1
2019-12-19 19:20:09.419  INFO 13876 --- [http-nio-8080-exec-3] c.e.n.c.NotificationController           : Get count of unread notifications for user with id 1
2019-12-19 19:20:09.420  INFO 13876 --- [http-nio-8080-exec-3] c.e.n.services.NotificationService       : get count of unread notifications for user with id 1
2019-12-19 19:20:19.400  INFO 13876 --- [http-nio-8080-exec-2] c.e.n.c.NotificationController           : Get count of unread notifications for user with id 1
2019-12-19 19:20:19.401  INFO 13876 --- [http-nio-8080-exec-2] c.e.n.services.NotificationService       : get count of unread notifications for user with id 1
2019-12-19 19:20:34.554  INFO 13876 --- [http-nio-8080-exec-2] c.e.n.c.NotificationController           : Get count of unread notifications for user with id 1
2019-12-19 19:20:34.554  INFO 13876 --- [http-nio-8080-exec-2] c.e.n.services.NotificationService       : get count of unread notifications for user with id 1
2019-12-19 19:20:44.643  INFO 13876 --- [http-nio-8080-exec-9] c.e.n.c.NotificationController           : Get count of unread notifications for user with id 1
2019-12-19 19:20:44.644  INFO 13876 --- [http-nio-8080-exec-9] c.e.n.services.NotificationService       : get count of unread notifications for user with id 1
2019-12-19 19:20:54.643  INFO 13876 --- [http-nio-8080-exec-7] c.e.n.c.NotificationController           : Get count of unread notifications for user with id 1
2019-12-19 19:20:54.644  INFO 13876 --- [http-nio-8080-exec-7] c.e.n.services.NotificationService       : get count of unread notifications for user with id 1
2019-12-19 19:21:04.934  INFO 13876 --- [http-nio-8080-exec-4] c.e.n.c.NotificationController           : Get count of unread notifications for user with id 1
2019-12-19 19:21:04.936  INFO 13876 --- [http-nio-8080-exec-4] c.e.n.services.NotificationService       : get count of unread notifications for user with id 1
2019-12-19 19:21:14.659  INFO 13876 --- [http-nio-8080-exec-5] c.e.n.c.NotificationController           : Get count of unread notifications for user with id 1
2019-12-19 19:21:14.660  INFO 13876 --- [http-nio-8080-exec-5] c.e.n.services.NotificationService       : get count of unread notifications for user with id 1
2019-12-19 19:21:26.103  INFO 13876 --- [http-nio-8080-exec-8] c.e.n.c.NotificationController           : Get count of unread notifications for user with id 1
2019-12-19 19:21:26.103  INFO 13876 --- [http-nio-8080-exec-8] c.e.n.services.NotificationService       : get count of unread notifications for user with id 1
2019-12-19 19:21:34.644  INFO 13876 --- [http-nio-8080-exec-1] c.e.n.c.NotificationController           : Get count of unread notifications for user with id 1
2019-12-19 19:21:34.644  INFO 13876 --- [http-nio-8080-exec-1] c.e.n.services.NotificationService       : get count of unread notifications for user with id 1
2019-12-19 19:21:44.662  INFO 13876 --- [http-nio-8080-exec-4] c.e.n.c.NotificationController           : Get count of unread notifications for user with id 1
2019-12-19 19:21:44.663  INFO 13876 --- [http-nio-8080-exec-4] c.e.n.services.NotificationService       : get count of unread notifications for user with id 1
2019-12-19 19:21:54.644  INFO 13876 --- [http-nio-8080-exec-9] c.e.n.c.NotificationController           : Get count of unread notifications for user with id 1
2019-12-19 19:21:54.645  INFO 13876 --- [http-nio-8080-exec-9] c.e.n.services.NotificationService       : get count of unread notifications for user with id 1
2019-12-19 19:22:17.735  INFO 4912 --- [restartedMain] c.example.netbooks.NetbooksApplication   : Starting NetbooksApplication on DESKTOP-5PKPG8U with PID 4912 (D:\NetCrecker\BackV2\NetBookBack\target\classes started by Андрей in D:\NetCrecker\BackV2\NetBookBack)
2019-12-19 19:22:17.740  INFO 4912 --- [restartedMain] c.example.netbooks.NetbooksApplication   : No active profile set, falling back to default profiles: default
2019-12-19 19:22:17.863  INFO 4912 --- [restartedMain] o.s.b.devtools.restart.ChangeableUrls    : The Class-Path manifest attribute in C:\Users\Андрей\.m2\repository\com\sun\xml\bind\jaxb-impl\2.1.3\jaxb-impl-2.1.3.jar referenced one or more files that do not exist: file:/C:/Users/Андрей/.m2/repository/com/sun/xml/bind/jaxb-impl/2.1.3/jaxb-api.jar,file:/C:/Users/Андрей/.m2/repository/com/sun/xml/bind/jaxb-impl/2.1.3/activation.jar,file:/C:/Users/Андрей/.m2/repository/com/sun/xml/bind/jaxb-impl/2.1.3/jsr173_1.0_api.jar,file:/C:/Users/Андрей/.m2/repository/com/sun/xml/bind/jaxb-impl/2.1.3/jaxb1-impl.jar
2019-12-19 19:22:17.864  INFO 4912 --- [restartedMain] .e.DevToolsPropertyDefaultsPostProcessor : Devtools property defaults active! Set 'spring.devtools.add-properties' to 'false' to disable
2019-12-19 19:22:17.864  INFO 4912 --- [restartedMain] .e.DevToolsPropertyDefaultsPostProcessor : For additional web related logging consider setting the 'logging.level.web' property to 'DEBUG'
2019-12-19 19:22:20.498  INFO 4912 --- [restartedMain] .s.d.r.c.RepositoryConfigurationDelegate : Bootstrapping Spring Data repositories in DEFAULT mode.
2019-12-19 19:22:20.542  INFO 4912 --- [restartedMain] .s.d.r.c.RepositoryConfigurationDelegate : Finished Spring Data repository scanning in 37ms. Found 0 repository interfaces.
2019-12-19 19:22:21.434  INFO 4912 --- [restartedMain] trationDelegate$BeanPostProcessorChecker : Bean 'org.springframework.security.config.annotation.configuration.ObjectPostProcessorConfiguration' of type [org.springframework.security.config.annotation.configuration.ObjectPostProcessorConfiguration] is not eligible for getting processed by all BeanPostProcessors (for example: not eligible for auto-proxying)
2019-12-19 19:22:21.442  INFO 4912 --- [restartedMain] trationDelegate$BeanPostProcessorChecker : Bean 'org.springframework.transaction.annotation.ProxyTransactionManagementConfiguration' of type [org.springframework.transaction.annotation.ProxyTransactionManagementConfiguration] is not eligible for getting processed by all BeanPostProcessors (for example: not eligible for auto-proxying)
2019-12-19 19:22:21.462  INFO 4912 --- [restartedMain] trationDelegate$BeanPostProcessorChecker : Bean 'objectPostProcessor' of type [org.springframework.security.config.annotation.configuration.AutowireBeanFactoryObjectPostProcessor] is not eligible for getting processed by all BeanPostProcessors (for example: not eligible for auto-proxying)
2019-12-19 19:22:21.464  INFO 4912 --- [restartedMain] trationDelegate$BeanPostProcessorChecker : Bean 'org.springframework.security.access.expression.method.DefaultMethodSecurityExpressionHandler@ffd27b8' of type [org.springframework.security.access.expression.method.DefaultMethodSecurityExpressionHandler] is not eligible for getting processed by all BeanPostProcessors (for example: not eligible for auto-proxying)
2019-12-19 19:22:21.467  INFO 4912 --- [restartedMain] trationDelegate$BeanPostProcessorChecker : Bean 'org.springframework.security.config.annotation.method.configuration.GlobalMethodSecurityConfiguration' of type [org.springframework.security.config.annotation.method.configuration.GlobalMethodSecurityConfiguration] is not eligible for getting processed by all BeanPostProcessors (for example: not eligible for auto-proxying)
2019-12-19 19:22:21.471  INFO 4912 --- [restartedMain] trationDelegate$BeanPostProcessorChecker : Bean 'methodSecurityMetadataSource' of type [org.springframework.security.access.method.DelegatingMethodSecurityMetadataSource] is not eligible for getting processed by all BeanPostProcessors (for example: not eligible for auto-proxying)
2019-12-19 19:22:22.597  INFO 4912 --- [restartedMain] o.s.b.w.embedded.tomcat.TomcatWebServer  : Tomcat initialized with port(s): 8080 (http)
2019-12-19 19:22:22.664  INFO 4912 --- [restartedMain] o.apache.catalina.core.StandardService   : Starting service [Tomcat]
2019-12-19 19:22:22.669  INFO 4912 --- [restartedMain] org.apache.catalina.core.StandardEngine  : Starting Servlet engine: [Apache Tomcat/9.0.27]
2019-12-19 19:22:22.906  INFO 4912 --- [restartedMain] o.a.c.c.C.[Tomcat].[localhost].[/]       : Initializing Spring embedded WebApplicationContext
2019-12-19 19:22:22.907  INFO 4912 --- [restartedMain] o.s.web.context.ContextLoader            : Root WebApplicationContext: initialization completed in 5043 ms
2019-12-19 19:22:23.003  INFO 4912 --- [restartedMain] c.e.n.d.implementations.UserRepository   : Class initialized
2019-12-19 19:22:23.284  INFO 4912 --- [restartedMain] c.e.n.d.i.JdbcBookRepository             : Class initialized
2019-12-19 19:22:23.512  INFO 4912 --- [restartedMain] c.e.n.c.AuthenticationController         : Class initialized
2019-12-19 19:22:23.521  INFO 4912 --- [restartedMain] c.e.n.d.i.ChatRepositoryImpl             : Class initialized
2019-12-19 19:22:23.530  INFO 4912 --- [restartedMain] c.e.netbooks.controllers.ChatController  : Class initialized
2019-12-19 19:22:23.532  INFO 4912 --- [restartedMain] c.e.n.controllers.FilesController        : Class initialized
2019-12-19 19:22:23.538  INFO 4912 --- [restartedMain] c.e.n.controllers.ProfileController      : Class initialized
2019-12-19 19:22:23.653  INFO 4912 --- [restartedMain] o.s.s.concurrent.ThreadPoolTaskExecutor  : Initializing ExecutorService 'clientInboundChannelExecutor'
2019-12-19 19:22:23.665  INFO 4912 --- [restartedMain] o.s.s.concurrent.ThreadPoolTaskExecutor  : Initializing ExecutorService 'clientOutboundChannelExecutor'
2019-12-19 19:22:23.711  INFO 4912 --- [restartedMain] o.s.s.c.ThreadPoolTaskScheduler          : Initializing ExecutorService 'messageBrokerTaskScheduler'
2019-12-19 19:22:23.785  INFO 4912 --- [restartedMain] o.s.s.concurrent.ThreadPoolTaskExecutor  : Initializing ExecutorService 'brokerChannelExecutor'
2019-12-19 19:22:24.134  INFO 4912 --- [restartedMain] o.s.s.web.DefaultSecurityFilterChain     : Creating filter chain: any request, [org.springframework.security.web.context.request.async.WebAsyncManagerIntegrationFilter@6f0d6707, org.springframework.security.web.context.SecurityContextPersistenceFilter@4e9c93ca, org.springframework.security.web.header.HeaderWriterFilter@560a1a90, org.springframework.security.web.authentication.logout.LogoutFilter@12373796, com.example.netbooks.security.JwtFilter@711e5ef9, org.springframework.security.web.savedrequest.RequestCacheAwareFilter@17c3826f, org.springframework.security.web.servletapi.SecurityContextHolderAwareRequestFilter@4fda8159, org.springframework.security.web.authentication.AnonymousAuthenticationFilter@755d359a, org.springframework.security.web.session.SessionManagementFilter@3af30cda, org.springframework.security.web.access.ExceptionTranslationFilter@7b595a5c, org.springframework.security.web.access.intercept.FilterSecurityInterceptor@24dff691]
2019-12-19 19:22:24.619  WARN 4912 --- [restartedMain] ion$DefaultTemplateResolverConfiguration : Cannot find template location: classpath:/templates/ (please add some templates or check your Thymeleaf configuration)
2019-12-19 19:22:24.940  INFO 4912 --- [restartedMain] o.s.b.d.a.OptionalLiveReloadServer       : LiveReload server is running on port 35729
2019-12-19 19:22:24.979  INFO 4912 --- [restartedMain] o.s.m.s.b.SimpleBrokerMessageHandler     : Starting...
2019-12-19 19:22:24.980  INFO 4912 --- [restartedMain] o.s.m.s.b.SimpleBrokerMessageHandler     : BrokerAvailabilityEvent[available=true, SimpleBrokerMessageHandler [DefaultSubscriptionRegistry[cache[0 destination(s)], registry[0 sessions]]]]
2019-12-19 19:22:24.986  INFO 4912 --- [restartedMain] o.s.m.s.b.SimpleBrokerMessageHandler     : Started.
2019-12-19 19:22:25.061  INFO 4912 --- [restartedMain] o.s.b.w.embedded.tomcat.TomcatWebServer  : Tomcat started on port(s): 8080 (http) with context path ''
2019-12-19 19:22:25.074  INFO 4912 --- [restartedMain] c.example.netbooks.NetbooksApplication   : Started NetbooksApplication in 8.776 seconds (JVM running for 10.295)
2019-12-19 19:22:25.261  INFO 4912 --- [http-nio-8080-exec-1] o.a.c.c.C.[Tomcat].[localhost].[/]       : Initializing Spring DispatcherServlet 'dispatcherServlet'
2019-12-19 19:22:25.262  INFO 4912 --- [http-nio-8080-exec-1] o.s.web.servlet.DispatcherServlet        : Initializing Servlet 'dispatcherServlet'
2019-12-19 19:22:25.272  INFO 4912 --- [http-nio-8080-exec-1] o.s.web.servlet.DispatcherServlet        : Completed initialization in 10 ms
2019-12-19 19:22:25.542  INFO 4912 --- [http-nio-8080-exec-1] com.zaxxer.hikari.HikariDataSource       : HikariPool-1 - Starting...
2019-12-19 19:22:27.070  INFO 4912 --- [http-nio-8080-exec-1] com.zaxxer.hikari.HikariDataSource       : HikariPool-1 - Start completed.
2019-12-19 19:22:28.898  INFO 4912 --- [http-nio-8080-exec-1] c.e.n.c.NotificationController           : Get count of unread notifications for user with id 1
2019-12-19 19:22:28.898  INFO 4912 --- [http-nio-8080-exec-1] c.e.n.services.NotificationService       : get count of unread notifications for user with id 1
2019-12-19 19:22:34.683  INFO 4912 --- [http-nio-8080-exec-4] c.e.n.c.NotificationController           : Get count of unread notifications for user with id 1
2019-12-19 19:22:34.686  INFO 4912 --- [http-nio-8080-exec-4] c.e.n.services.NotificationService       : get count of unread notifications for user with id 1
2019-12-19 19:22:44.643  INFO 4912 --- [http-nio-8080-exec-2] c.e.n.c.NotificationController           : Get count of unread notifications for user with id 1
2019-12-19 19:22:44.644  INFO 4912 --- [http-nio-8080-exec-2] c.e.n.services.NotificationService       : get count of unread notifications for user with id 1
2019-12-19 19:22:55.497  INFO 4912 --- [http-nio-8080-exec-3] c.e.n.c.NotificationController           : Get count of unread notifications for user with id 1
2019-12-19 19:22:55.498  INFO 4912 --- [http-nio-8080-exec-3] c.e.n.services.NotificationService       : get count of unread notifications for user with id 1
2019-12-19 19:23:05.506  INFO 4912 --- [http-nio-8080-exec-9] c.e.n.c.NotificationController           : Get count of unread notifications for user with id 1
2019-12-19 19:23:05.506  INFO 4912 --- [http-nio-8080-exec-9] c.e.n.services.NotificationService       : get count of unread notifications for user with id 1
2019-12-19 19:23:15.496  INFO 4912 --- [http-nio-8080-exec-7] c.e.n.c.NotificationController           : Get count of unread notifications for user with id 1
2019-12-19 19:23:15.496  INFO 4912 --- [http-nio-8080-exec-7] c.e.n.services.NotificationService       : get count of unread notifications for user with id 1
2019-12-19 19:23:23.781  INFO 4912 --- [MessageBroker-1] o.s.w.s.c.WebSocketMessageBrokerStats    : WebSocketSession[0 current WS(0)-HttpStream(0)-HttpPoll(0), 0 total, 0 closed abnormally (0 connect failure, 0 send limit, 0 transport error)], stompSubProtocol[processed CONNECT(0)-CONNECTED(0)-DISCONNECT(0)], stompBrokerRelay[null], inboundChannel[pool size = 0, active threads = 0, queued tasks = 0, completed tasks = 0], outboundChannel[pool size = 0, active threads = 0, queued tasks = 0, completed tasks = 0], sockJsScheduler[pool size = 1, active threads = 1, queued tasks = 0, completed tasks = 0]
2019-12-19 19:23:25.511  INFO 4912 --- [http-nio-8080-exec-6] c.e.n.c.NotificationController           : Get count of unread notifications for user with id 1
2019-12-19 19:23:25.512  INFO 4912 --- [http-nio-8080-exec-6] c.e.n.services.NotificationService       : get count of unread notifications for user with id 1
2019-12-19 19:23:35.490  INFO 4912 --- [http-nio-8080-exec-2] c.e.n.c.NotificationController           : Get count of unread notifications for user with id 1
2019-12-19 19:23:35.490  INFO 4912 --- [http-nio-8080-exec-2] c.e.n.services.NotificationService       : get count of unread notifications for user with id 1
2019-12-19 19:23:45.489  INFO 4912 --- [http-nio-8080-exec-3] c.e.n.c.NotificationController           : Get count of unread notifications for user with id 1
2019-12-19 19:23:45.489  INFO 4912 --- [http-nio-8080-exec-3] c.e.n.services.NotificationService       : get count of unread notifications for user with id 1
2019-12-19 19:23:55.505  INFO 4912 --- [http-nio-8080-exec-9] c.e.n.c.NotificationController           : Get count of unread notifications for user with id 1
2019-12-19 19:23:55.505  INFO 4912 --- [http-nio-8080-exec-9] c.e.n.services.NotificationService       : get count of unread notifications for user with id 1
2019-12-19 19:24:05.485  INFO 4912 --- [http-nio-8080-exec-7] c.e.n.c.NotificationController           : Get count of unread notifications for user with id 1
2019-12-19 19:24:05.487  INFO 4912 --- [http-nio-8080-exec-7] c.e.n.services.NotificationService       : get count of unread notifications for user with id 1
2019-12-19 19:24:14.650  INFO 4912 --- [http-nio-8080-exec-8] c.e.n.c.NotificationController           : Get count of unread notifications for user with id 1
2019-12-19 19:24:14.651  INFO 4912 --- [http-nio-8080-exec-8] c.e.n.services.NotificationService       : get count of unread notifications for user with id 1
2019-12-19 19:24:24.666  INFO 4912 --- [http-nio-8080-exec-7] c.e.n.c.NotificationController           : Get count of unread notifications for user with id 1
2019-12-19 19:24:24.667  INFO 4912 --- [http-nio-8080-exec-7] c.e.n.services.NotificationService       : get count of unread notifications for user with id 1
2019-12-19 19:24:34.653  INFO 4912 --- [http-nio-8080-exec-5] c.e.n.c.NotificationController           : Get count of unread notifications for user with id 1
2019-12-19 19:24:34.654  INFO 4912 --- [http-nio-8080-exec-5] c.e.n.services.NotificationService       : get count of unread notifications for user with id 1
2019-12-19 19:24:44.653  INFO 4912 --- [http-nio-8080-exec-2] c.e.n.c.NotificationController           : Get count of unread notifications for user with id 1
2019-12-19 19:24:44.653  INFO 4912 --- [http-nio-8080-exec-2] c.e.n.services.NotificationService       : get count of unread notifications for user with id 1
2019-12-19 19:25:08.358  INFO 4912 --- [http-nio-8080-exec-10] c.e.n.c.NotificationController           : Get count of unread notifications for user with id 1
2019-12-19 19:25:08.359  INFO 4912 --- [http-nio-8080-exec-10] c.e.n.services.NotificationService       : get count of unread notifications for user with id 1
2019-12-19 19:25:18.372  INFO 4912 --- [http-nio-8080-exec-4] c.e.n.c.NotificationController           : Get count of unread notifications for user with id 1
2019-12-19 19:25:18.372  INFO 4912 --- [http-nio-8080-exec-4] c.e.n.services.NotificationService       : get count of unread notifications for user with id 1
2019-12-19 19:25:28.363  INFO 4912 --- [http-nio-8080-exec-7] c.e.n.c.NotificationController           : Get count of unread notifications for user with id 1
2019-12-19 19:25:28.365  INFO 4912 --- [http-nio-8080-exec-7] c.e.n.services.NotificationService       : get count of unread notifications for user with id 1
2019-12-19 19:25:38.347  INFO 4912 --- [http-nio-8080-exec-6] c.e.n.c.NotificationController           : Get count of unread notifications for user with id 1
2019-12-19 19:25:38.348  INFO 4912 --- [http-nio-8080-exec-6] c.e.n.services.NotificationService       : get count of unread notifications for user with id 1
2019-12-19 19:25:48.348  INFO 4912 --- [http-nio-8080-exec-8] c.e.n.c.NotificationController           : Get count of unread notifications for user with id 1
2019-12-19 19:25:48.349  INFO 4912 --- [http-nio-8080-exec-8] c.e.n.services.NotificationService       : get count of unread notifications for user with id 1
2019-12-19 19:25:58.355  INFO 4912 --- [http-nio-8080-exec-2] c.e.n.c.NotificationController           : Get count of unread notifications for user with id 1
2019-12-19 19:25:58.355  INFO 4912 --- [http-nio-8080-exec-2] c.e.n.services.NotificationService       : get count of unread notifications for user with id 1
2019-12-19 19:26:08.346  INFO 4912 --- [http-nio-8080-exec-10] c.e.n.c.NotificationController           : Get count of unread notifications for user with id 1
2019-12-19 19:26:08.346  INFO 4912 --- [http-nio-8080-exec-10] c.e.n.services.NotificationService       : get count of unread notifications for user with id 1
2019-12-19 19:26:18.336  INFO 4912 --- [http-nio-8080-exec-9] c.e.n.c.NotificationController           : Get count of unread notifications for user with id 1
2019-12-19 19:26:18.337  INFO 4912 --- [http-nio-8080-exec-9] c.e.n.services.NotificationService       : get count of unread notifications for user with id 1
2019-12-19 19:26:28.356  INFO 4912 --- [http-nio-8080-exec-4] c.e.n.c.NotificationController           : Get count of unread notifications for user with id 1
2019-12-19 19:26:28.357  INFO 4912 --- [http-nio-8080-exec-4] c.e.n.services.NotificationService       : get count of unread notifications for user with id 1
2019-12-19 19:26:49.535  INFO 4912 --- [http-nio-8080-exec-10] c.e.n.c.NotificationController           : Get count of unread notifications for user with id 1
2019-12-19 19:26:49.535  INFO 4912 --- [http-nio-8080-exec-10] c.e.n.services.NotificationService       : get count of unread notifications for user with id 1
2019-12-19 19:26:59.471  INFO 4912 --- [http-nio-8080-exec-2] c.e.n.c.NotificationController           : Get count of unread notifications for user with id 1
2019-12-19 19:26:59.471  INFO 4912 --- [http-nio-8080-exec-2] c.e.n.services.NotificationService       : get count of unread notifications for user with id 1
